   Creating library RhapSFunc_SFunctionBlockTheSystem_02.lib and object RhapSFunc_SFunctionBlockTheSystem_02.exp
OMSFunctionTimerFactory.obj : error LNK2001: unresolved external symbol "public: static class IOxfMemoryAllocator * __cdecl OMMemoryManager::getMemoryManager(void)" (?getMemoryManager@OMMemoryManager@@SAPEAVIOxfMemoryAllocator@@XZ)
RhapSFunc_SFunctionBlockTheSystem_02.obj : error LNK2001: unresolved external symbol "public: static class IOxfMemoryAllocator * __cdecl OMMemoryManager::getMemoryManager(void)" (?getMemoryManager@OMMemoryManager@@SAPEAVIOxfMemoryAllocator@@XZ)
Generator_02.obj : error LNK2001: unresolved external symbol "public: static class IOxfMemoryAllocator * __cdecl OMMemoryManager::getMemoryManager(void)" (?getMemoryManager@OMMemoryManager@@SAPEAVIOxfMemoryAllocator@@XZ)
SFunctionBlockTheSystem_02.obj : error LNK2001: unresolved external symbol "public: static class IOxfMemoryAllocator * __cdecl OMMemoryManager::getMemoryManager(void)" (?getMemoryManager@OMMemoryManager@@SAPEAVIOxfMemoryAllocator@@XZ)
OMSFunctionTimer.obj : error LNK2001: unresolved external symbol "public: static class IOxfMemoryAllocator * __cdecl OMMemoryManager::getMemoryManager(void)" (?getMemoryManager@OMMemoryManager@@SAPEAVIOxfMemoryAllocator@@XZ)
RhapSFunc_SFunctionBlockTheSystem_02.obj : error LNK2019: unresolved external symbol "public: static class OMOSFactory * __cdecl OMOSFactory::instance(void)" (?instance@OMOSFactory@@SAPEAV1@XZ) referenced in function "void __cdecl mdlStart(struct SimStruct_tag *)" (?mdlStart@@YAXPEAUSimStruct_tag@@@Z)
RhapSFunc_SFunctionBlockTheSystem_02.obj : error LNK2019: unresolved external symbol "public: static void __cdecl OXF::cleanup(void)" (?cleanup@OXF@@SAXXZ) referenced in function "void __cdecl mdlTerminate(struct SimStruct_tag *)" (?mdlTerminate@@YAXPEAUSimStruct_tag@@@Z)
RhapSFunc_SFunctionBlockTheSystem_02.obj : error LNK2019: unresolved external symbol "public: static bool __cdecl OXF::initialize(int,char * *,unsigned int,char const * const,unsigned long,unsigned int,bool)" (?initialize@OXF@@SA_NHPEAPEADIQEBDKI_N@Z) referenced in function "void __cdecl mdlStart(struct SimStruct_tag *)" (?mdlStart@@YAXPEAUSimStruct_tag@@@Z)
RhapSFunc_SFunctionBlockTheSystem_02.obj : error LNK2019: unresolved external symbol "public: static void __cdecl OXF::setNotifyEventCbk(void (__cdecl*)(void))" (?setNotifyEventCbk@OXF@@SAXP6AXXZ@Z) referenced in function "void __cdecl mdlStart(struct SimStruct_tag *)" (?mdlStart@@YAXPEAUSimStruct_tag@@@Z)
RhapSFunc_SFunctionBlockTheSystem_02.obj : error LNK2019: unresolved external symbol "public: static void __cdecl OXF::setNotifyIdleCbk(void (__cdecl*)(void))" (?setNotifyIdleCbk@OXF@@SAXP6AXXZ@Z) referenced in function "void __cdecl mdlStart(struct SimStruct_tag *)" (?mdlStart@@YAXPEAUSimStruct_tag@@@Z)
RhapSFunc_SFunctionBlockTheSystem_02.obj : error LNK2019: unresolved external symbol "public: static bool __cdecl OXF::setTheTickTimerFactory(class IOxfTickTimerFactory *)" (?setTheTickTimerFactory@OXF@@SA_NPEAVIOxfTickTimerFactory@@@Z) referenced in function "void __cdecl mdlStart(struct SimStruct_tag *)" (?mdlStart@@YAXPEAUSimStruct_tag@@@Z)
RhapSFunc_SFunctionBlockTheSystem_02.obj : error LNK2019: unresolved external symbol "public: static void __cdecl OXF::start(bool,int)" (?start@OXF@@SAX_NH@Z) referenced in function "void __cdecl mdlStart(struct SimStruct_tag *)" (?mdlStart@@YAXPEAUSimStruct_tag@@@Z)
RhapSFunc_SFunctionBlockTheSystem_02.obj : error LNK2019: unresolved external symbol "public: static class OMThread * __cdecl OMThread::stopAllThreads(class OMThread const *)" (?stopAllThreads@OMThread@@SAPEAV1@PEBV1@@Z) referenced in function "void __cdecl mdlTerminate(struct SimStruct_tag *)" (?mdlTerminate@@YAXPEAUSimStruct_tag@@@Z)
RhapSFunc_SFunctionBlockTheSystem_02.obj : error LNK2019: unresolved external symbol "public: static class OMThread * __cdecl OMMainThread::instance(bool)" (?instance@OMMainThread@@SAPEAVOMThread@@_N@Z) referenced in function "void __cdecl mdlStart(struct SimStruct_tag *)" (?mdlStart@@YAXPEAUSimStruct_tag@@@Z)
RhapSFunc_SFunctionBlockTheSystem_02.obj : error LNK2019: unresolved external symbol "public: unsigned long __cdecl OMTimerManager::getNextTime(void)" (?getNextTime@OMTimerManager@@QEAAKXZ) referenced in function "void __cdecl mdlGetTimeOfNextVarHit(struct SimStruct_tag *)" (?mdlGetTimeOfNextVarHit@@YAXPEAUSimStruct_tag@@@Z)
RhapSFunc_SFunctionBlockTheSystem_02.obj : error LNK2019: unresolved external symbol "public: static class OMTimerManager * __cdecl OMTimerManager::instance(void)" (?instance@OMTimerManager@@SAPEAV1@XZ) referenced in function "void __cdecl mdlGetTimeOfNextVarHit(struct SimStruct_tag *)" (?mdlGetTimeOfNextVarHit@@YAXPEAUSimStruct_tag@@@Z)
RhapSFunc_SFunctionBlockTheSystem_02.obj : error LNK2019: unresolved external symbol "public: static void __cdecl OMTimerManager::setAllowDestroy(bool)" (?setAllowDestroy@OMTimerManager@@SAX_N@Z) referenced in function "void __cdecl mdlStart(struct SimStruct_tag *)" (?mdlStart@@YAXPEAUSimStruct_tag@@@Z)
RhapSFunc_SFunctionBlockTheSystem_02.obj : error LNK2019: unresolved external symbol "public: static class AOMSchedDispatcher * __cdecl AOMSchedDispatcher::getInstance(void)" (?getInstance@AOMSchedDispatcher@@SAPEAV1@XZ) referenced in function "void __cdecl mdlTerminate(struct SimStruct_tag *)" (?mdlTerminate@@YAXPEAUSimStruct_tag@@@Z)
RhapSFunc_SFunctionBlockTheSystem_02.obj : error LNK2019: unresolved external symbol "public: void __cdecl AOMSchedDispatcher::setTerminating(void)" (?setTerminating@AOMSchedDispatcher@@QEAAXXZ) referenced in function "void __cdecl mdlTerminate(struct SimStruct_tag *)" (?mdlTerminate@@YAXPEAUSimStruct_tag@@@Z)
RhapSFunc_SFunctionBlockTheSystem_02.obj : error LNK2019: unresolved external symbol "public: static void __cdecl AOMSchedDispatcher::setNotifyThreadsWorkingCbk(void (__cdecl*)(void))" (?setNotifyThreadsWorkingCbk@AOMSchedDispatcher@@SAXP6AXXZ@Z) referenced in function "void __cdecl mdlStart(struct SimStruct_tag *)" (?mdlStart@@YAXPEAUSimStruct_tag@@@Z)
RhapSFunc_SFunctionBlockTheSystem_02.obj : error LNK2019: unresolved external symbol "public: static void __cdecl AOMSchedDispatcher::setNotifyThreadsStoppedCbk(void (__cdecl*)(void))" (?setNotifyThreadsStoppedCbk@AOMSchedDispatcher@@SAXP6AXXZ@Z) referenced in function "void __cdecl mdlStart(struct SimStruct_tag *)" (?mdlStart@@YAXPEAUSimStruct_tag@@@Z)
RhapSFunc_SFunctionBlockTheSystem_02.obj : error LNK2019: unresolved external symbol "public: static int const OMOSThread::DefaultStackSize" (?DefaultStackSize@OMOSThread@@2HB) referenced in function "void __cdecl mdlStart(struct SimStruct_tag *)" (?mdlStart@@YAXPEAUSimStruct_tag@@@Z)
RhapSFunc_SFunctionBlockTheSystem_02.obj : error LNK2019: unresolved external symbol "public: static unsigned int const OMTimerManagerDefaults::defaultMaxTM" (?defaultMaxTM@OMTimerManagerDefaults@@2IB) referenced in function "void __cdecl mdlStart(struct SimStruct_tag *)" (?mdlStart@@YAXPEAUSimStruct_tag@@@Z)
RhapSFunc_SFunctionBlockTheSystem_02.obj : error LNK2019: unresolved external symbol "public: static unsigned int const OMTimerManagerDefaults::defaultTicktime" (?defaultTicktime@OMTimerManagerDefaults@@2IB) referenced in function "void __cdecl mdlStart(struct SimStruct_tag *)" (?mdlStart@@YAXPEAUSimStruct_tag@@@Z)
Generator_02.obj : error LNK2019: unresolved external symbol "public: __cdecl OMString::OMString(class OMString const &)" (??0OMString@@QEAA@AEBV0@@Z) referenced in function "public: virtual void __cdecl AOMSData::addItem(class OMSData const &)" (?addItem@AOMSData@@UEAAXAEBVOMSData@@@Z)
SFunctionBlockTheSystem_02.obj : error LNK2001: unresolved external symbol "public: __cdecl OMString::OMString(class OMString const &)" (??0OMString@@QEAA@AEBV0@@Z)
Generator_02.obj : error LNK2019: unresolved external symbol "public: __cdecl OMString::OMString(void)" (??0OMString@@QEAA@XZ) referenced in function "public: __cdecl AOMClass::AOMClass(char const *,bool,char const *)" (??0AOMClass@@QEAA@PEBD_N0@Z)
SFunctionBlockTheSystem_02.obj : error LNK2001: unresolved external symbol "public: __cdecl OMString::OMString(void)" (??0OMString@@QEAA@XZ)
Generator_02.obj : error LNK2019: unresolved external symbol "public: __cdecl OMString::~OMString(void)" (??1OMString@@QEAA@XZ) referenced in function "int `public: __cdecl AOMClass::AOMClass(char const *,bool,char const *)'::`1'::dtor$3" (?dtor$3@?0???0AOMClass@@QEAA@PEBD_N0@Z@4HA)
SFunctionBlockTheSystem_02.obj : error LNK2001: unresolved external symbol "public: __cdecl OMString::~OMString(void)" (??1OMString@@QEAA@XZ)
Generator_02.obj : error LNK2019: unresolved external symbol "public: char * __cdecl OMString::GetBuffer(int)" (?GetBuffer@OMString@@QEAAPEADH@Z) referenced in function "public: virtual void __cdecl AOMSData::addItem(class OMSData const &)" (?addItem@AOMSData@@UEAAXAEBVOMSData@@@Z)
SFunctionBlockTheSystem_02.obj : error LNK2001: unresolved external symbol "public: char * __cdecl OMString::GetBuffer(int)" (?GetBuffer@OMString@@QEAAPEADH@Z)
Generator_02.obj : error LNK2019: unresolved external symbol "public: class OMString const & __cdecl OMString::operator+=(char)" (??YOMString@@QEAAAEBV0@D@Z) referenced in function "public: __cdecl AOMSMethod::AOMSMethod(char const *,int)" (??0AOMSMethod@@QEAA@PEBDH@Z)
SFunctionBlockTheSystem_02.obj : error LNK2001: unresolved external symbol "public: class OMString const & __cdecl OMString::operator+=(char)" (??YOMString@@QEAAAEBV0@D@Z)
Generator_02.obj : error LNK2019: unresolved external symbol "public: class OMString const & __cdecl OMString::operator+=(class OMString const &)" (??YOMString@@QEAAAEBV0@AEBV0@@Z) referenced in function "public: virtual void __cdecl OMSData::concatData(class OMSData const &)" (?concatData@OMSData@@UEAAXAEBV1@@Z)
SFunctionBlockTheSystem_02.obj : error LNK2001: unresolved external symbol "public: class OMString const & __cdecl OMString::operator+=(class OMString const &)" (??YOMString@@QEAAAEBV0@AEBV0@@Z)
Generator_02.obj : error LNK2019: unresolved external symbol "public: int __cdecl OMString::GetLength(void)const " (?GetLength@OMString@@QEBAHXZ) referenced in function "public: __cdecl AOMSMethod::AOMSMethod(char const *,int)" (??0AOMSMethod@@QEAA@PEBDH@Z)
SFunctionBlockTheSystem_02.obj : error LNK2001: unresolved external symbol "public: int __cdecl OMString::GetLength(void)const " (?GetLength@OMString@@QEBAHXZ)
Generator_02.obj : error LNK2019: unresolved external symbol sendError referenced in function "public: void __cdecl OMSData::addCode(unsigned char)" (?addCode@OMSData@@QEAAXE@Z)
SFunctionBlockTheSystem_02.obj : error LNK2001: unresolved external symbol sendError
Generator_02.obj : error LNK2019: unresolved external symbol "protected: void __cdecl OMSData::addItem(char const *,int)" (?addItem@OMSData@@IEAAXPEBDH@Z) referenced in function "public: __cdecl AOMSMethod::AOMSMethod(char const *,int)" (??0AOMSMethod@@QEAA@PEBDH@Z)
SFunctionBlockTheSystem_02.obj : error LNK2001: unresolved external symbol "protected: void __cdecl OMSData::addItem(char const *,int)" (?addItem@OMSData@@IEAAXPEBDH@Z)
Generator_02.obj : error LNK2019: unresolved external symbol "public: virtual void __cdecl OMSData::addItem(unsigned long)" (?addItem@OMSData@@UEAAXK@Z) referenced in function "public: virtual void __cdecl AOMSData::addItem(unsigned long)" (?addItem@AOMSData@@UEAAXK@Z)
SFunctionBlockTheSystem_02.obj : error LNK2001: unresolved external symbol "public: virtual void __cdecl OMSData::addItem(unsigned long)" (?addItem@OMSData@@UEAAXK@Z)
Generator_02.obj : error LNK2019: unresolved external symbol "public: virtual void __cdecl OMSData::addItem(void * const)" (?addItem@OMSData@@UEAAXQEAX@Z) referenced in function "public: void __cdecl AOMSData::addItem(class AOMAnimationItem const * const)" (?addItem@AOMSData@@QEAAXQEBVAOMAnimationItem@@@Z)
SFunctionBlockTheSystem_02.obj : error LNK2001: unresolved external symbol "public: virtual void __cdecl OMSData::addItem(void * const)" (?addItem@OMSData@@UEAAXQEAX@Z)
Generator_02.obj : error LNK2019: unresolved external symbol "public: virtual __cdecl AOMAnimationItem::~AOMAnimationItem(void)" (??1AOMAnimationItem@@UEAA@XZ) referenced in function "int `public: __cdecl AOMClass::AOMClass(char const *,bool,char const *)'::`1'::dtor$0" (?dtor$0@?0???0AOMClass@@QEAA@PEBD_N0@Z@4HA)
SFunctionBlockTheSystem_02.obj : error LNK2001: unresolved external symbol "public: virtual __cdecl AOMAnimationItem::~AOMAnimationItem(void)" (??1AOMAnimationItem@@UEAA@XZ)
Generator_02.obj : error LNK2019: unresolved external symbol "public: __cdecl AOMAnimationItem::AOMAnimationItem(void)" (??0AOMAnimationItem@@QEAA@XZ) referenced in function "public: __cdecl AOMClass::AOMClass(char const *,bool,char const *)" (??0AOMClass@@QEAA@PEBD_N0@Z)
SFunctionBlockTheSystem_02.obj : error LNK2001: unresolved external symbol "public: __cdecl AOMAnimationItem::AOMAnimationItem(void)" (??0AOMAnimationItem@@QEAA@XZ)
Generator_02.obj : error LNK2019: unresolved external symbol "public: bool __cdecl AOMAnimationItem::aomIsValid(void)const " (?aomIsValid@AOMAnimationItem@@QEBA_NXZ) referenced in function "bool __cdecl aomIsValidItem<class AOMAnimationItem>(class AOMAnimationItem const * const)" (??$aomIsValidItem@VAOMAnimationItem@@@@YA_NQEBVAOMAnimationItem@@@Z)
SFunctionBlockTheSystem_02.obj : error LNK2001: unresolved external symbol "public: bool __cdecl AOMAnimationItem::aomIsValid(void)const " (?aomIsValid@AOMAnimationItem@@QEBA_NXZ)
Generator_02.obj : error LNK2019: unresolved external symbol "public: virtual void __cdecl AOMAnimationItem::handleMessage(class AnimMessage *)" (?handleMessage@AOMAnimationItem@@UEAAXPEAVAnimMessage@@@Z) referenced in function "public: virtual void __cdecl AOMInstance::handleMessage(class AnimMessage *)" (?handleMessage@AOMInstance@@UEAAXPEAVAnimMessage@@@Z)
SFunctionBlockTheSystem_02.obj : error LNK2001: unresolved external symbol "public: virtual void __cdecl AOMAnimationItem::handleMessage(class AnimMessage *)" (?handleMessage@AOMAnimationItem@@UEAAXPEAVAnimMessage@@@Z)
Generator_02.obj : error LNK2001: unresolved external symbol "public: virtual void __cdecl AOMAnimationItem::handleMessage(enum OMNotify,class OMSData *,int &)" (?handleMessage@AOMAnimationItem@@UEAAXW4OMNotify@@PEAVOMSData@@AEAH@Z)
SFunctionBlockTheSystem_02.obj : error LNK2001: unresolved external symbol "public: virtual void __cdecl AOMAnimationItem::handleMessage(enum OMNotify,class OMSData *,int &)" (?handleMessage@AOMAnimationItem@@UEAAXW4OMNotify@@PEAVOMSData@@AEAH@Z)
Generator_02.obj : error LNK2001: unresolved external symbol "public: virtual void __cdecl AOMAnimationItem::notifyGotControl(void)const " (?notifyGotControl@AOMAnimationItem@@UEBAXXZ)
SFunctionBlockTheSystem_02.obj : error LNK2001: unresolved external symbol "public: virtual void __cdecl AOMAnimationItem::notifyGotControl(void)const " (?notifyGotControl@AOMAnimationItem@@UEBAXXZ)
Generator_02.obj : error LNK2001: unresolved external symbol "public: virtual void __cdecl AOMAnimationItem::notifyLostControl(void)const " (?notifyLostControl@AOMAnimationItem@@UEBAXXZ)
SFunctionBlockTheSystem_02.obj : error LNK2001: unresolved external symbol "public: virtual void __cdecl AOMAnimationItem::notifyLostControl(void)const " (?notifyLostControl@AOMAnimationItem@@UEBAXXZ)
Generator_02.obj : error LNK2019: unresolved external symbol "public: void __cdecl AOMCallStack::notify(class AOMAnimationItem const * const,enum OMMethodType)" (?notify@AOMCallStack@@QEAAXQEBVAOMAnimationItem@@W4OMMethodType@@@Z) referenced in function "public: __cdecl Generator_02::Generator_02(class IOxfActive *)" (??0Generator_02@@QEAA@PEAVIOxfActive@@@Z)
SFunctionBlockTheSystem_02.obj : error LNK2001: unresolved external symbol "public: void __cdecl AOMCallStack::notify(class AOMAnimationItem const * const,enum OMMethodType)" (?notify@AOMCallStack@@QEAAXQEBVAOMAnimationItem@@W4OMMethodType@@@Z)
Generator_02.obj : error LNK2019: unresolved external symbol "public: void __cdecl AOMCallStack::push(class AOMAnimationItem const * const,class AOMSMethod *,enum OMMethodType)" (?push@AOMCallStack@@QEAAXQEBVAOMAnimationItem@@PEAVAOMSMethod@@W4OMMethodType@@@Z) referenced in function "public: __cdecl AOMEnterExit::AOMEnterExit(class AOMAnimationItem const * const,class AOMSMethod *,enum OMMethodType,bool,void *)" (??0AOMEnterExit@@QEAA@QEBVAOMAnimationItem@@PEAVAOMSMethod@@W4OMMethodType@@_NPEAX@Z)
SFunctionBlockTheSystem_02.obj : error LNK2001: unresolved external symbol "public: void __cdecl AOMCallStack::push(class AOMAnimationItem const * const,class AOMSMethod *,enum OMMethodType)" (?push@AOMCallStack@@QEAAXQEBVAOMAnimationItem@@PEAVAOMSMethod@@W4OMMethodType@@@Z)
Generator_02.obj : error LNK2019: unresolved external symbol "public: void __cdecl AOMCallStack::pop(void)" (?pop@AOMCallStack@@QEAAXXZ) referenced in function "public: __cdecl Generator_02::Generator_02(class IOxfActive *)" (??0Generator_02@@QEAA@PEAVIOxfActive@@@Z)
SFunctionBlockTheSystem_02.obj : error LNK2001: unresolved external symbol "public: void __cdecl AOMCallStack::pop(void)" (?pop@AOMCallStack@@QEAAXXZ)
Generator_02.obj : error LNK2019: unresolved external symbol "public: void __cdecl AOMCallStack::registerInstanceForDeletion(class AOMInstance const *)" (?registerInstanceForDeletion@AOMCallStack@@QEAAXPEBVAOMInstance@@@Z) referenced in function "public: virtual __cdecl Generator_02::~Generator_02(void)" (??1Generator_02@@UEAA@XZ)
SFunctionBlockTheSystem_02.obj : error LNK2001: unresolved external symbol "public: void __cdecl AOMCallStack::registerInstanceForDeletion(class AOMInstance const *)" (?registerInstanceForDeletion@AOMCallStack@@QEAAXPEBVAOMInstance@@@Z)
Generator_02.obj : error LNK2019: unresolved external symbol "private: void __cdecl AOMClass::simpleInit(char const *,bool,char const *,int)" (?simpleInit@AOMClass@@AEAAXPEBD_N0H@Z) referenced in function "public: __cdecl AOMClass::AOMClass(char const *,bool,char const *)" (??0AOMClass@@QEAA@PEBD_N0@Z)
SFunctionBlockTheSystem_02.obj : error LNK2001: unresolved external symbol "private: void __cdecl AOMClass::simpleInit(char const *,bool,char const *,int)" (?simpleInit@AOMClass@@AEAAXPEBD_N0H@Z)
Generator_02.obj : error LNK2001: unresolved external symbol "private: virtual void __cdecl AOMClass::sendMyself(class OMInterestMask)" (?sendMyself@AOMClass@@EEAAXVOMInterestMask@@@Z)
SFunctionBlockTheSystem_02.obj : error LNK2001: unresolved external symbol "private: virtual void __cdecl AOMClass::sendMyself(class OMInterestMask)" (?sendMyself@AOMClass@@EEAAXVOMInterestMask@@@Z)
Generator_02.obj : error LNK2019: unresolved external symbol "public: virtual __cdecl AOMClass::~AOMClass(void)" (??1AOMClass@@UEAA@XZ) referenced in function "public: virtual void * __cdecl AOMClass::`scalar deleting destructor'(unsigned int)" (??_GAOMClass@@UEAAPEAXI@Z)
SFunctionBlockTheSystem_02.obj : error LNK2001: unresolved external symbol "public: virtual __cdecl AOMClass::~AOMClass(void)" (??1AOMClass@@UEAA@XZ)
Generator_02.obj : error LNK2001: unresolved external symbol "public: virtual void __cdecl AOMClass::serializeSuperClasses(class AOMSData &)const " (?serializeSuperClasses@AOMClass@@UEBAXAEAVAOMSData@@@Z)
SFunctionBlockTheSystem_02.obj : error LNK2001: unresolved external symbol "public: virtual void __cdecl AOMClass::serializeSuperClasses(class AOMSData &)const " (?serializeSuperClasses@AOMClass@@UEBAXAEAVAOMSData@@@Z)
Generator_02.obj : error LNK2001: unresolved external symbol "public: virtual void __cdecl AOMClass::registerOperations(void)" (?registerOperations@AOMClass@@UEAAXXZ)
SFunctionBlockTheSystem_02.obj : error LNK2001: unresolved external symbol "public: virtual void __cdecl AOMClass::registerOperations(void)" (?registerOperations@AOMClass@@UEAAXXZ)
Generator_02.obj : error LNK2019: unresolved external symbol "public: void __cdecl AOMClass::assureInitialization(void)" (?assureInitialization@AOMClass@@QEAAXXZ) referenced in function "public: __cdecl Generator_02::Generator_02(class IOxfActive *)" (??0Generator_02@@QEAA@PEAVIOxfActive@@@Z)
SFunctionBlockTheSystem_02.obj : error LNK2001: unresolved external symbol "public: void __cdecl AOMClass::assureInitialization(void)" (?assureInitialization@AOMClass@@QEAAXXZ)
Generator_02.obj : error LNK2019: unresolved external symbol "public: static class AOMSchedDispatcher * __cdecl AOMSchedDispatcher::instance(void)" (?instance@AOMSchedDispatcher@@SAPEAV1@XZ) referenced in function "public: __cdecl Generator_02::Generator_02(class IOxfActive *)" (??0Generator_02@@QEAA@PEAVIOxfActive@@@Z)
SFunctionBlockTheSystem_02.obj : error LNK2001: unresolved external symbol "public: static class AOMSchedDispatcher * __cdecl AOMSchedDispatcher::instance(void)" (?instance@AOMSchedDispatcher@@SAPEAV1@XZ)
Generator_02.obj : error LNK2019: unresolved external symbol "public: void __cdecl AOMSchedDispatcher::registerAOMInstance(void const *,class AOMInstance *)" (?registerAOMInstance@AOMSchedDispatcher@@QEAAXPEBXPEAVAOMInstance@@@Z) referenced in function "public: __cdecl Generator_02::Generator_02(class IOxfActive *)" (??0Generator_02@@QEAA@PEAVIOxfActive@@@Z)
SFunctionBlockTheSystem_02.obj : error LNK2001: unresolved external symbol "public: void __cdecl AOMSchedDispatcher::registerAOMInstance(void const *,class AOMInstance *)" (?registerAOMInstance@AOMSchedDispatcher@@QEAAXPEBXPEAVAOMInstance@@@Z)
Generator_02.obj : error LNK2019: unresolved external symbol "public: class AOMInstance * __cdecl AOMSchedDispatcher::getAOMInstance(void const *)" (?getAOMInstance@AOMSchedDispatcher@@QEAAPEAVAOMInstance@@PEBX@Z) referenced in function "public: __cdecl Generator_02::Generator_02(class IOxfActive *)" (??0Generator_02@@QEAA@PEAVIOxfActive@@@Z)
SFunctionBlockTheSystem_02.obj : error LNK2001: unresolved external symbol "public: class AOMInstance * __cdecl AOMSchedDispatcher::getAOMInstance(void const *)" (?getAOMInstance@AOMSchedDispatcher@@QEAAPEAVAOMInstance@@PEBX@Z)
Generator_02.obj : error LNK2019: unresolved external symbol "public: static class AOMThread * __cdecl AOMThread::getDefaultThread(class IOxfActive *)" (?getDefaultThread@AOMThread@@SAPEAV1@PEAVIOxfActive@@@Z) referenced in function "public: __cdecl Generator_02::Generator_02(class IOxfActive *)" (??0Generator_02@@QEAA@PEAVIOxfActive@@@Z)
SFunctionBlockTheSystem_02.obj : error LNK2001: unresolved external symbol "public: static class AOMThread * __cdecl AOMThread::getDefaultThread(class IOxfActive *)" (?getDefaultThread@AOMThread@@SAPEAV1@PEAVIOxfActive@@@Z)
Generator_02.obj : error LNK2019: unresolved external symbol "class AOMThread * __cdecl OMGetCurrentThread(void)" (?OMGetCurrentThread@@YAPEAVAOMThread@@XZ) referenced in function "public: __cdecl AOMEnterExit::AOMEnterExit(class AOMAnimationItem const * const,class AOMSMethod *,enum OMMethodType,bool,void *)" (??0AOMEnterExit@@QEAA@QEBVAOMAnimationItem@@PEAVAOMSMethod@@W4OMMethodType@@_NPEAX@Z)
SFunctionBlockTheSystem_02.obj : error LNK2001: unresolved external symbol "class AOMThread * __cdecl OMGetCurrentThread(void)" (?OMGetCurrentThread@@YAPEAVAOMThread@@XZ)
Generator_02.obj : error LNK2019: unresolved external symbol "public: __cdecl AOMInstance::AOMInstance(class IOxfReactive const *)" (??0AOMInstance@@QEAA@PEBVIOxfReactive@@@Z) referenced in function "public: __cdecl Generator_02::Generator_02(class IOxfActive *)" (??0Generator_02@@QEAA@PEAVIOxfActive@@@Z)
SFunctionBlockTheSystem_02.obj : error LNK2001: unresolved external symbol "public: __cdecl AOMInstance::AOMInstance(class IOxfReactive const *)" (??0AOMInstance@@QEAA@PEBVIOxfReactive@@@Z)
Generator_02.obj : error LNK2019: unresolved external symbol "public: virtual __cdecl AOMInstance::~AOMInstance(void)" (??1AOMInstance@@UEAA@XZ) referenced in function "int `public: __cdecl Generator_02::Generator_02(class IOxfActive *)'::`1'::dtor$5" (?dtor$5@?0???0Generator_02@@QEAA@PEAVIOxfActive@@@Z@4HA)
SFunctionBlockTheSystem_02.obj : error LNK2001: unresolved external symbol "public: virtual __cdecl AOMInstance::~AOMInstance(void)" (??1AOMInstance@@UEAA@XZ)
Generator_02.obj : error LNK2001: unresolved external symbol "public: virtual void __cdecl AOMInstance::sendMyself(class OMInterestMask)" (?sendMyself@AOMInstance@@UEAAXVOMInterestMask@@@Z)
SFunctionBlockTheSystem_02.obj : error LNK2001: unresolved external symbol "public: virtual void __cdecl AOMInstance::sendMyself(class OMInterestMask)" (?sendMyself@AOMInstance@@UEAAXVOMInterestMask@@@Z)
Generator_02.obj : error LNK2019: unresolved external symbol "public: void __cdecl AOMInstance::notifySynchronizeAttr(void)const " (?notifySynchronizeAttr@AOMInstance@@QEBAXXZ) referenced in function "public: virtual void __cdecl AOMInstance::notifySynchronize(void)const " (?notifySynchronize@AOMInstance@@UEBAXXZ)
SFunctionBlockTheSystem_02.obj : error LNK2001: unresolved external symbol "public: void __cdecl AOMInstance::notifySynchronizeAttr(void)const " (?notifySynchronizeAttr@AOMInstance@@QEBAXXZ)
Generator_02.obj : error LNK2001: unresolved external symbol "public: virtual void __cdecl AOMInstance::handleMessage(enum OMNotify,class OMSData *,int &)" (?handleMessage@AOMInstance@@UEAAXW4OMNotify@@PEAVOMSData@@AEAH@Z)
SFunctionBlockTheSystem_02.obj : error LNK2001: unresolved external symbol "public: virtual void __cdecl AOMInstance::handleMessage(enum OMNotify,class OMSData *,int &)" (?handleMessage@AOMInstance@@UEAAXW4OMNotify@@PEAVOMSData@@AEAH@Z)
Generator_02.obj : error LNK2019: unresolved external symbol "protected: void __cdecl AOMInstance::notifyStateMessage(enum OMNotify,char const *)const " (?notifyStateMessage@AOMInstance@@IEBAXW4OMNotify@@PEBD@Z) referenced in function "public: void __cdecl AOMInstance::notifyEndedTransition(char const *)const " (?notifyEndedTransition@AOMInstance@@QEBAXPEBD@Z)
Generator_02.obj : error LNK2001: unresolved external symbol "protected: virtual int __cdecl AOMInstance::getDefaultMask(void)const " (?getDefaultMask@AOMInstance@@MEBAHXZ)
SFunctionBlockTheSystem_02.obj : error LNK2001: unresolved external symbol "protected: virtual int __cdecl AOMInstance::getDefaultMask(void)const " (?getDefaultMask@AOMInstance@@MEBAHXZ)
Generator_02.obj : error LNK2019: unresolved external symbol "public: __cdecl OMReactive::OMReactive(class IOxfActive *)" (??0OMReactive@@QEAA@PEAVIOxfActive@@@Z) referenced in function "public: __cdecl Generator_02::Generator_02(class IOxfActive *)" (??0Generator_02@@QEAA@PEAVIOxfActive@@@Z)
SFunctionBlockTheSystem_02.obj : error LNK2001: unresolved external symbol "public: __cdecl OMReactive::OMReactive(class IOxfActive *)" (??0OMReactive@@QEAA@PEAVIOxfActive@@@Z)
Generator_02.obj : error LNK2019: unresolved external symbol "public: virtual __cdecl OMReactive::~OMReactive(void)" (??1OMReactive@@UEAA@XZ) referenced in function "int `public: __cdecl Generator_02::Generator_02(class IOxfActive *)'::`1'::dtor$0" (?dtor$0@?0???0Generator_02@@QEAA@PEAVIOxfActive@@@Z@4HA)
SFunctionBlockTheSystem_02.obj : error LNK2001: unresolved external symbol "public: virtual __cdecl OMReactive::~OMReactive(void)" (??1OMReactive@@UEAA@XZ)
Generator_02.obj : error LNK2001: unresolved external symbol "public: virtual bool __cdecl OMReactive::cancelTimeout(class IOxfTimeout const *)" (?cancelTimeout@OMReactive@@UEAA_NPEBVIOxfTimeout@@@Z)
SFunctionBlockTheSystem_02.obj : error LNK2001: unresolved external symbol "public: virtual bool __cdecl OMReactive::cancelTimeout(class IOxfTimeout const *)" (?cancelTimeout@OMReactive@@UEAA_NPEBVIOxfTimeout@@@Z)
Generator_02.obj : error LNK2001: unresolved external symbol "public: virtual void __cdecl OMReactive::destroy(void)" (?destroy@OMReactive@@UEAAXXZ)
SFunctionBlockTheSystem_02.obj : error LNK2001: unresolved external symbol "public: virtual void __cdecl OMReactive::destroy(void)" (?destroy@OMReactive@@UEAAXXZ)
Generator_02.obj : error LNK2001: unresolved external symbol "public: virtual void __cdecl OMReactive::endBehavior(char const * const)" (?endBehavior@OMReactive@@UEAAXQEBD@Z)
SFunctionBlockTheSystem_02.obj : error LNK2001: unresolved external symbol "public: virtual void __cdecl OMReactive::endBehavior(char const * const)" (?endBehavior@OMReactive@@UEAAXQEBD@Z)
Generator_02.obj : error LNK2001: unresolved external symbol "public: virtual enum IOxfReactive::TakeEventStatus __cdecl OMReactive::handleEvent(class IOxfEvent *)" (?handleEvent@OMReactive@@UEAA?AW4TakeEventStatus@IOxfReactive@@PEAVIOxfEvent@@@Z)
SFunctionBlockTheSystem_02.obj : error LNK2001: unresolved external symbol "public: virtual enum IOxfReactive::TakeEventStatus __cdecl OMReactive::handleEvent(class IOxfEvent *)" (?handleEvent@OMReactive@@UEAA?AW4TakeEventStatus@IOxfReactive@@PEAVIOxfEvent@@@Z)
Generator_02.obj : error LNK2001: unresolved external symbol "public: virtual void __cdecl OMReactive::handleEventNotQueued(class IOxfEvent * const)" (?handleEventNotQueued@OMReactive@@UEAAXQEAVIOxfEvent@@@Z)
SFunctionBlockTheSystem_02.obj : error LNK2001: unresolved external symbol "public: virtual void __cdecl OMReactive::handleEventNotQueued(class IOxfEvent * const)" (?handleEventNotQueued@OMReactive@@UEAAXQEAVIOxfEvent@@@Z)
Generator_02.obj : error LNK2001: unresolved external symbol "public: virtual void __cdecl OMReactive::popNullTransition(void)" (?popNullTransition@OMReactive@@UEAAXXZ)
SFunctionBlockTheSystem_02.obj : error LNK2001: unresolved external symbol "public: virtual void __cdecl OMReactive::popNullTransition(void)" (?popNullTransition@OMReactive@@UEAAXXZ)
Generator_02.obj : error LNK2001: unresolved external symbol "public: virtual void __cdecl OMReactive::pushNullTransition(void)" (?pushNullTransition@OMReactive@@UEAAXXZ)
SFunctionBlockTheSystem_02.obj : error LNK2001: unresolved external symbol "public: virtual void __cdecl OMReactive::pushNullTransition(void)" (?pushNullTransition@OMReactive@@UEAAXXZ)
Generator_02.obj : error LNK2001: unresolved external symbol "public: virtual bool __cdecl OMReactive::send(class IOxfEvent *,class IOxfEventGenerationParams const &)" (?send@OMReactive@@UEAA_NPEAVIOxfEvent@@AEBVIOxfEventGenerationParams@@@Z)
SFunctionBlockTheSystem_02.obj : error LNK2001: unresolved external symbol "public: virtual bool __cdecl OMReactive::send(class IOxfEvent *,class IOxfEventGenerationParams const &)" (?send@OMReactive@@UEAA_NPEAVIOxfEvent@@AEBVIOxfEventGenerationParams@@@Z)
Generator_02.obj : error LNK2001: unresolved external symbol "public: virtual bool __cdecl OMReactive::send(class IOxfEvent *)" (?send@OMReactive@@UEAA_NPEAVIOxfEvent@@@Z)
SFunctionBlockTheSystem_02.obj : error LNK2001: unresolved external symbol "public: virtual bool __cdecl OMReactive::send(class IOxfEvent *)" (?send@OMReactive@@UEAA_NPEAVIOxfEvent@@@Z)
Generator_02.obj : error LNK2001: unresolved external symbol "public: virtual void __cdecl OMReactive::setActiveContext(class IOxfActive *)" (?setActiveContext@OMReactive@@UEAAXPEAVIOxfActive@@@Z)
SFunctionBlockTheSystem_02.obj : error LNK2001: unresolved external symbol "public: virtual void __cdecl OMReactive::setActiveContext(class IOxfActive *)" (?setActiveContext@OMReactive@@UEAAXPEAVIOxfActive@@@Z)
Generator_02.obj : error LNK2019: unresolved external symbol "public: void __cdecl OMReactive::setActiveContext(class IOxfActive *,bool)" (?setActiveContext@OMReactive@@QEAAXPEAVIOxfActive@@_N@Z) referenced in function "public: __cdecl Generator_02::Generator_02(class IOxfActive *)" (??0Generator_02@@QEAA@PEAVIOxfActive@@@Z)
SFunctionBlockTheSystem_02.obj : error LNK2001: unresolved external symbol "public: void __cdecl OMReactive::setActiveContext(class IOxfActive *,bool)" (?setActiveContext@OMReactive@@QEAAXPEAVIOxfActive@@_N@Z)
Generator_02.obj : error LNK2019: unresolved external symbol "public: virtual bool __cdecl OMReactive::startBehavior(void)" (?startBehavior@OMReactive@@UEAA_NXZ) referenced in function "public: virtual bool __cdecl Generator_02::startBehavior(void)" (?startBehavior@Generator_02@@UEAA_NXZ)
SFunctionBlockTheSystem_02.obj : error LNK2001: unresolved external symbol "public: virtual bool __cdecl OMReactive::startBehavior(void)" (?startBehavior@OMReactive@@UEAA_NXZ)
Generator_02.obj : error LNK2001: unresolved external symbol "protected: virtual void __cdecl OMReactive::handleNotConsumed(class IOxfEvent *,enum IOxfReactive::EventNotConsumedReason)" (?handleNotConsumed@OMReactive@@MEAAXPEAVIOxfEvent@@W4EventNotConsumedReason@IOxfReactive@@@Z)
SFunctionBlockTheSystem_02.obj : error LNK2001: unresolved external symbol "protected: virtual void __cdecl OMReactive::handleNotConsumed(class IOxfEvent *,enum IOxfReactive::EventNotConsumedReason)" (?handleNotConsumed@OMReactive@@MEAAXPEAVIOxfEvent@@W4EventNotConsumedReason@IOxfReactive@@@Z)
Generator_02.obj : error LNK2001: unresolved external symbol "protected: virtual void __cdecl OMReactive::handleTimeoutSetFailure(class IOxfTimeout *)" (?handleTimeoutSetFailure@OMReactive@@MEAAXPEAVIOxfTimeout@@@Z)
SFunctionBlockTheSystem_02.obj : error LNK2001: unresolved external symbol "protected: virtual void __cdecl OMReactive::handleTimeoutSetFailure(class IOxfTimeout *)" (?handleTimeoutSetFailure@OMReactive@@MEAAXPEAVIOxfTimeout@@@Z)
Generator_02.obj : error LNK2001: unresolved external symbol "protected: virtual void __cdecl OMReactive::handleTrigger(class IOxfEvent *)" (?handleTrigger@OMReactive@@MEAAXPEAVIOxfEvent@@@Z)
SFunctionBlockTheSystem_02.obj : error LNK2001: unresolved external symbol "protected: virtual void __cdecl OMReactive::handleTrigger(class IOxfEvent *)" (?handleTrigger@OMReactive@@MEAAXPEAVIOxfEvent@@@Z)
Generator_02.obj : error LNK2001: unresolved external symbol "protected: virtual enum IOxfReactive::TakeEventStatus __cdecl OMReactive::processEvent(class IOxfEvent *)" (?processEvent@OMReactive@@MEAA?AW4TakeEventStatus@IOxfReactive@@PEAVIOxfEvent@@@Z)
SFunctionBlockTheSystem_02.obj : error LNK2001: unresolved external symbol "protected: virtual enum IOxfReactive::TakeEventStatus __cdecl OMReactive::processEvent(class IOxfEvent *)" (?processEvent@OMReactive@@MEAA?AW4TakeEventStatus@IOxfReactive@@PEAVIOxfEvent@@@Z)
Generator_02.obj : error LNK2001: unresolved external symbol "protected: virtual class IOxfTimeout * __cdecl OMReactive::scheduleTimeout(unsigned long,char const * const)" (?scheduleTimeout@OMReactive@@MEAAPEAVIOxfTimeout@@KQEBD@Z)
SFunctionBlockTheSystem_02.obj : error LNK2001: unresolved external symbol "protected: virtual class IOxfTimeout * __cdecl OMReactive::scheduleTimeout(unsigned long,char const * const)" (?scheduleTimeout@OMReactive@@MEAAPEAVIOxfTimeout@@KQEBD@Z)
Generator_02.obj : error LNK2001: unresolved external symbol "public: virtual class IOxfActive * __cdecl OMReactive::getActiveContext(void)const " (?getActiveContext@OMReactive@@UEBAPEAVIOxfActive@@XZ)
SFunctionBlockTheSystem_02.obj : error LNK2001: unresolved external symbol "public: virtual class IOxfActive * __cdecl OMReactive::getActiveContext(void)const " (?getActiveContext@OMReactive@@UEBAPEAVIOxfActive@@XZ)
Generator_02.obj : error LNK2001: unresolved external symbol "public: virtual class IOxfEvent * __cdecl OMReactive::getCurrentEvent(void)const " (?getCurrentEvent@OMReactive@@UEBAPEAVIOxfEvent@@XZ)
SFunctionBlockTheSystem_02.obj : error LNK2001: unresolved external symbol "public: virtual class IOxfEvent * __cdecl OMReactive::getCurrentEvent(void)const " (?getCurrentEvent@OMReactive@@UEBAPEAVIOxfEvent@@XZ)
Generator_02.obj : error LNK2019: unresolved external symbol "class AOMPackage * __cdecl aomGetPInterConnectionGlobals(void)" (?aomGetPInterConnectionGlobals@@YAPEAVAOMPackage@@XZ) referenced in function "public: __cdecl Generator_02::Generator_02(class IOxfActive *)" (??0Generator_02@@QEAA@PEAVIOxfActive@@@Z)
SFunctionBlockTheSystem_02.obj : error LNK2001: unresolved external symbol "class AOMPackage * __cdecl aomGetPInterConnectionGlobals(void)" (?aomGetPInterConnectionGlobals@@YAPEAVAOMPackage@@XZ)
SFunctionBlockTheSystem_02.obj : error LNK2019: unresolved external symbol "protected: void __cdecl OMSData::addItemAtPosition(void * const,int)" (?addItemAtPosition@OMSData@@IEAAXQEAXH@Z) referenced in function "protected: void __cdecl OMSData::addItemAtPosition(int,int)" (?addItemAtPosition@OMSData@@IEAAXHH@Z)
SFunctionBlockTheSystem_02.obj : error LNK2019: unresolved external symbol "public: void __cdecl OMReactive::setShouldDelete(bool)" (?setShouldDelete@OMReactive@@QEAAX_N@Z) referenced in function "public: __cdecl SFunctionBlockTheSystem_02::SFunctionBlockTheSystem_02(class IOxfActive *)" (??0SFunctionBlockTheSystem_02@@QEAA@PEAVIOxfActive@@@Z)
SFunctionBlockTheSystem_02.obj : error LNK2001: unresolved external symbol "protected: virtual void __cdecl OMReactive::rootState_entDef(void)" (?rootState_entDef@OMReactive@@MEAAXXZ)
SFunctionBlockTheSystem_02.obj : error LNK2001: unresolved external symbol "protected: virtual enum IOxfReactive::TakeEventStatus __cdecl OMReactive::rootState_processEvent(void)" (?rootState_processEvent@OMReactive@@MEAA?AW4TakeEventStatus@IOxfReactive@@XZ)
SFunctionBlockTheSystem_02.obj : error LNK2019: unresolved external symbol "public: __cdecl doubleFlowInterface::doubleFlowInterface(void)" (??0doubleFlowInterface@@QEAA@XZ) referenced in function "public: __cdecl SFunctionBlockTheSystem_02::SFunctionBlockTheSystem_02(class IOxfActive *)" (??0SFunctionBlockTheSystem_02@@QEAA@PEAVIOxfActive@@@Z)
SFunctionBlockTheSystem_02.obj : error LNK2019: unresolved external symbol "public: virtual __cdecl doubleFlowInterface::~doubleFlowInterface(void)" (??1doubleFlowInterface@@UEAA@XZ) referenced in function "public: virtual __cdecl SFunctionBlockTheSystem_02::~SFunctionBlockTheSystem_02(void)" (??1SFunctionBlockTheSystem_02@@UEAA@XZ)
OMSFunctionTimer.obj : error LNK2019: unresolved external symbol "public: static void __cdecl OMTimerManager::cbkBridgeWithTime(void *,unsigned long)" (?cbkBridgeWithTime@OMTimerManager@@SAXPEAXK@Z) referenced in function "public: __cdecl OMSFunctionTimer::OMSFunctionTimer(unsigned long,void (__cdecl*)(void *),void *)" (??0OMSFunctionTimer@@QEAA@KP6AXPEAX@Z0@Z)
OMSFunctionTimer.obj : error LNK2019: unresolved external symbol "public: static void __cdecl OMTimerManager::setExternalTimer(bool)" (?setExternalTimer@OMTimerManager@@SAX_N@Z) referenced in function "public: __cdecl OMSFunctionTimer::OMSFunctionTimer(unsigned long,void (__cdecl*)(void *),void *)" (??0OMSFunctionTimer@@QEAA@KP6AXPEAX@Z0@Z)
C:\ProgramData\IBM\Rhapsody\9.0\UserShare\LangCpp\lib\MSVC15x86oxfinst.lib : warning LNK4272: library machine type 'x86' conflicts with target machine type 'x64'
C:\ProgramData\IBM\Rhapsody\9.0\UserShare\LangCpp\lib\MSVC15x86aomanim.lib : warning LNK4272: library machine type 'x86' conflicts with target machine type 'x64'
C:\ProgramData\IBM\Rhapsody\9.0\UserShare\LangCpp\lib\MSVC15x86omComAppl.lib : warning LNK4272: library machine type 'x86' conflicts with target machine type 'x64'
RhapSFunc_SFunctionBlockTheSystem_02.mexw64 : fatal error LNK1120: 90 unresolved externals

