   Creating library RhapSFunc_SFunctionBlockTheSystem_02.lib and object RhapSFunc_SFunctionBlockTheSystem_02.exp
OMSFunctionTimerFactory.obj : error LNK2001: unresolved external symbol "public: static class IOxfMemoryAllocator * __cdecl OMMemoryManager::getMemoryManager(void)" (?getMemoryManager@OMMemoryManager@@SAPEAVIOxfMemoryAllocator@@XZ)
RhapSFunc_SFunctionBlockTheSystem_02.obj : error LNK2001: unresolved external symbol "public: static class IOxfMemoryAllocator * __cdecl OMMemoryManager::getMemoryManager(void)" (?getMemoryManager@OMMemoryManager@@SAPEAVIOxfMemoryAllocator@@XZ)
Generator_02.obj : error LNK2001: unresolved external symbol "public: static class IOxfMemoryAllocator * __cdecl OMMemoryManager::getMemoryManager(void)" (?getMemoryManager@OMMemoryManager@@SAPEAVIOxfMemoryAllocator@@XZ)
SFunctionBlockTheSystem_02.obj : error LNK2001: unresolved external symbol "public: static class IOxfMemoryAllocator * __cdecl OMMemoryManager::getMemoryManager(void)" (?getMemoryManager@OMMemoryManager@@SAPEAVIOxfMemoryAllocator@@XZ)
OMSFunctionTimer.obj : error LNK2001: unresolved external symbol "public: static class IOxfMemoryAllocator * __cdecl OMMemoryManager::getMemoryManager(void)" (?getMemoryManager@OMMemoryManager@@SAPEAVIOxfMemoryAllocator@@XZ)
RhapSFunc_SFunctionBlockTheSystem_02.obj : error LNK2019: unresolved external symbol "public: static class OMOSFactory * __cdecl OMOSFactory::instance(void)" (?instance@OMOSFactory@@SAPEAV1@XZ) referenced in function "void __cdecl mdlStart(struct SimStruct_tag *)" (?mdlStart@@YAXPEAUSimStruct_tag@@@Z)
RhapSFunc_SFunctionBlockTheSystem_02.obj : error LNK2019: unresolved external symbol "public: static void __cdecl OXF::cleanup(void)" (?cleanup@OXF@@SAXXZ) referenced in function "void __cdecl mdlTerminate(struct SimStruct_tag *)" (?mdlTerminate@@YAXPEAUSimStruct_tag@@@Z)
RhapSFunc_SFunctionBlockTheSystem_02.obj : error LNK2019: unresolved external symbol "public: static bool __cdecl OXF::initialize(unsigned long,unsigned int,bool)" (?initialize@OXF@@SA_NKI_N@Z) referenced in function "void __cdecl mdlStart(struct SimStruct_tag *)" (?mdlStart@@YAXPEAUSimStruct_tag@@@Z)
RhapSFunc_SFunctionBlockTheSystem_02.obj : error LNK2019: unresolved external symbol "public: static void __cdecl OXF::setNotifyEventCbk(void (__cdecl*)(void))" (?setNotifyEventCbk@OXF@@SAXP6AXXZ@Z) referenced in function "void __cdecl mdlStart(struct SimStruct_tag *)" (?mdlStart@@YAXPEAUSimStruct_tag@@@Z)
RhapSFunc_SFunctionBlockTheSystem_02.obj : error LNK2019: unresolved external symbol "public: static void __cdecl OXF::setNotifyIdleCbk(void (__cdecl*)(void))" (?setNotifyIdleCbk@OXF@@SAXP6AXXZ@Z) referenced in function "void __cdecl mdlStart(struct SimStruct_tag *)" (?mdlStart@@YAXPEAUSimStruct_tag@@@Z)
RhapSFunc_SFunctionBlockTheSystem_02.obj : error LNK2019: unresolved external symbol "public: static bool __cdecl OXF::setTheTickTimerFactory(class IOxfTickTimerFactory *)" (?setTheTickTimerFactory@OXF@@SA_NPEAVIOxfTickTimerFactory@@@Z) referenced in function "void __cdecl mdlStart(struct SimStruct_tag *)" (?mdlStart@@YAXPEAUSimStruct_tag@@@Z)
RhapSFunc_SFunctionBlockTheSystem_02.obj : error LNK2019: unresolved external symbol "public: static void __cdecl OXF::start(bool,int)" (?start@OXF@@SAX_NH@Z) referenced in function "void __cdecl mdlStart(struct SimStruct_tag *)" (?mdlStart@@YAXPEAUSimStruct_tag@@@Z)
RhapSFunc_SFunctionBlockTheSystem_02.obj : error LNK2019: unresolved external symbol "public: static class OMThread * __cdecl OMThread::stopAllThreads(class OMThread const *)" (?stopAllThreads@OMThread@@SAPEAV1@PEBV1@@Z) referenced in function "void __cdecl mdlTerminate(struct SimStruct_tag *)" (?mdlTerminate@@YAXPEAUSimStruct_tag@@@Z)
RhapSFunc_SFunctionBlockTheSystem_02.obj : error LNK2019: unresolved external symbol "public: static class OMThread * __cdecl OMMainThread::instance(bool)" (?instance@OMMainThread@@SAPEAVOMThread@@_N@Z) referenced in function "void __cdecl mdlStart(struct SimStruct_tag *)" (?mdlStart@@YAXPEAUSimStruct_tag@@@Z)
RhapSFunc_SFunctionBlockTheSystem_02.obj : error LNK2019: unresolved external symbol "public: unsigned long __cdecl OMTimerManager::getNextTime(void)" (?getNextTime@OMTimerManager@@QEAAKXZ) referenced in function "void __cdecl mdlGetTimeOfNextVarHit(struct SimStruct_tag *)" (?mdlGetTimeOfNextVarHit@@YAXPEAUSimStruct_tag@@@Z)
RhapSFunc_SFunctionBlockTheSystem_02.obj : error LNK2019: unresolved external symbol "public: static class OMTimerManager * __cdecl OMTimerManager::instance(void)" (?instance@OMTimerManager@@SAPEAV1@XZ) referenced in function "void __cdecl mdlGetTimeOfNextVarHit(struct SimStruct_tag *)" (?mdlGetTimeOfNextVarHit@@YAXPEAUSimStruct_tag@@@Z)
RhapSFunc_SFunctionBlockTheSystem_02.obj : error LNK2019: unresolved external symbol "public: static void __cdecl OMTimerManager::setAllowDestroy(bool)" (?setAllowDestroy@OMTimerManager@@SAX_N@Z) referenced in function "void __cdecl mdlStart(struct SimStruct_tag *)" (?mdlStart@@YAXPEAUSimStruct_tag@@@Z)
RhapSFunc_SFunctionBlockTheSystem_02.obj : error LNK2019: unresolved external symbol "public: static int const OMOSThread::DefaultStackSize" (?DefaultStackSize@OMOSThread@@2HB) referenced in function "void __cdecl mdlStart(struct SimStruct_tag *)" (?mdlStart@@YAXPEAUSimStruct_tag@@@Z)
RhapSFunc_SFunctionBlockTheSystem_02.obj : error LNK2019: unresolved external symbol "public: static unsigned int const OMTimerManagerDefaults::defaultMaxTM" (?defaultMaxTM@OMTimerManagerDefaults@@2IB) referenced in function "void __cdecl mdlStart(struct SimStruct_tag *)" (?mdlStart@@YAXPEAUSimStruct_tag@@@Z)
RhapSFunc_SFunctionBlockTheSystem_02.obj : error LNK2019: unresolved external symbol "public: static unsigned int const OMTimerManagerDefaults::defaultTicktime" (?defaultTicktime@OMTimerManagerDefaults@@2IB) referenced in function "void __cdecl mdlStart(struct SimStruct_tag *)" (?mdlStart@@YAXPEAUSimStruct_tag@@@Z)
Generator_02.obj : error LNK2019: unresolved external symbol "public: __cdecl OMReactive::OMReactive(class IOxfActive *)" (??0OMReactive@@QEAA@PEAVIOxfActive@@@Z) referenced in function "public: __cdecl Generator_02::Generator_02(class IOxfActive *)" (??0Generator_02@@QEAA@PEAVIOxfActive@@@Z)
SFunctionBlockTheSystem_02.obj : error LNK2001: unresolved external symbol "public: __cdecl OMReactive::OMReactive(class IOxfActive *)" (??0OMReactive@@QEAA@PEAVIOxfActive@@@Z)
Generator_02.obj : error LNK2019: unresolved external symbol "public: virtual __cdecl OMReactive::~OMReactive(void)" (??1OMReactive@@UEAA@XZ) referenced in function "int `public: __cdecl Generator_02::Generator_02(class IOxfActive *)'::`1'::dtor$0" (?dtor$0@?0???0Generator_02@@QEAA@PEAVIOxfActive@@@Z@4HA)
SFunctionBlockTheSystem_02.obj : error LNK2001: unresolved external symbol "public: virtual __cdecl OMReactive::~OMReactive(void)" (??1OMReactive@@UEAA@XZ)
Generator_02.obj : error LNK2001: unresolved external symbol "public: virtual bool __cdecl OMReactive::cancelTimeout(class IOxfTimeout const *)" (?cancelTimeout@OMReactive@@UEAA_NPEBVIOxfTimeout@@@Z)
SFunctionBlockTheSystem_02.obj : error LNK2001: unresolved external symbol "public: virtual bool __cdecl OMReactive::cancelTimeout(class IOxfTimeout const *)" (?cancelTimeout@OMReactive@@UEAA_NPEBVIOxfTimeout@@@Z)
Generator_02.obj : error LNK2001: unresolved external symbol "public: virtual void __cdecl OMReactive::destroy(void)" (?destroy@OMReactive@@UEAAXXZ)
SFunctionBlockTheSystem_02.obj : error LNK2001: unresolved external symbol "public: virtual void __cdecl OMReactive::destroy(void)" (?destroy@OMReactive@@UEAAXXZ)
Generator_02.obj : error LNK2001: unresolved external symbol "public: virtual void __cdecl OMReactive::endBehavior(char const * const)" (?endBehavior@OMReactive@@UEAAXQEBD@Z)
SFunctionBlockTheSystem_02.obj : error LNK2001: unresolved external symbol "public: virtual void __cdecl OMReactive::endBehavior(char const * const)" (?endBehavior@OMReactive@@UEAAXQEBD@Z)
Generator_02.obj : error LNK2001: unresolved external symbol "public: virtual enum IOxfReactive::TakeEventStatus __cdecl OMReactive::handleEvent(class IOxfEvent *)" (?handleEvent@OMReactive@@UEAA?AW4TakeEventStatus@IOxfReactive@@PEAVIOxfEvent@@@Z)
SFunctionBlockTheSystem_02.obj : error LNK2001: unresolved external symbol "public: virtual enum IOxfReactive::TakeEventStatus __cdecl OMReactive::handleEvent(class IOxfEvent *)" (?handleEvent@OMReactive@@UEAA?AW4TakeEventStatus@IOxfReactive@@PEAVIOxfEvent@@@Z)
Generator_02.obj : error LNK2001: unresolved external symbol "public: virtual void __cdecl OMReactive::handleEventNotQueued(class IOxfEvent * const)" (?handleEventNotQueued@OMReactive@@UEAAXQEAVIOxfEvent@@@Z)
SFunctionBlockTheSystem_02.obj : error LNK2001: unresolved external symbol "public: virtual void __cdecl OMReactive::handleEventNotQueued(class IOxfEvent * const)" (?handleEventNotQueued@OMReactive@@UEAAXQEAVIOxfEvent@@@Z)
Generator_02.obj : error LNK2001: unresolved external symbol "public: virtual void __cdecl OMReactive::popNullTransition(void)" (?popNullTransition@OMReactive@@UEAAXXZ)
SFunctionBlockTheSystem_02.obj : error LNK2001: unresolved external symbol "public: virtual void __cdecl OMReactive::popNullTransition(void)" (?popNullTransition@OMReactive@@UEAAXXZ)
Generator_02.obj : error LNK2001: unresolved external symbol "public: virtual void __cdecl OMReactive::pushNullTransition(void)" (?pushNullTransition@OMReactive@@UEAAXXZ)
SFunctionBlockTheSystem_02.obj : error LNK2001: unresolved external symbol "public: virtual void __cdecl OMReactive::pushNullTransition(void)" (?pushNullTransition@OMReactive@@UEAAXXZ)
Generator_02.obj : error LNK2001: unresolved external symbol "public: virtual bool __cdecl OMReactive::send(class IOxfEvent *,class IOxfEventGenerationParams const &)" (?send@OMReactive@@UEAA_NPEAVIOxfEvent@@AEBVIOxfEventGenerationParams@@@Z)
SFunctionBlockTheSystem_02.obj : error LNK2001: unresolved external symbol "public: virtual bool __cdecl OMReactive::send(class IOxfEvent *,class IOxfEventGenerationParams const &)" (?send@OMReactive@@UEAA_NPEAVIOxfEvent@@AEBVIOxfEventGenerationParams@@@Z)
Generator_02.obj : error LNK2001: unresolved external symbol "public: virtual bool __cdecl OMReactive::send(class IOxfEvent *)" (?send@OMReactive@@UEAA_NPEAVIOxfEvent@@@Z)
SFunctionBlockTheSystem_02.obj : error LNK2001: unresolved external symbol "public: virtual bool __cdecl OMReactive::send(class IOxfEvent *)" (?send@OMReactive@@UEAA_NPEAVIOxfEvent@@@Z)
Generator_02.obj : error LNK2001: unresolved external symbol "public: virtual void __cdecl OMReactive::setActiveContext(class IOxfActive *)" (?setActiveContext@OMReactive@@UEAAXPEAVIOxfActive@@@Z)
SFunctionBlockTheSystem_02.obj : error LNK2001: unresolved external symbol "public: virtual void __cdecl OMReactive::setActiveContext(class IOxfActive *)" (?setActiveContext@OMReactive@@UEAAXPEAVIOxfActive@@@Z)
Generator_02.obj : error LNK2019: unresolved external symbol "public: void __cdecl OMReactive::setActiveContext(class IOxfActive *,bool)" (?setActiveContext@OMReactive@@QEAAXPEAVIOxfActive@@_N@Z) referenced in function "public: __cdecl Generator_02::Generator_02(class IOxfActive *)" (??0Generator_02@@QEAA@PEAVIOxfActive@@@Z)
SFunctionBlockTheSystem_02.obj : error LNK2001: unresolved external symbol "public: void __cdecl OMReactive::setActiveContext(class IOxfActive *,bool)" (?setActiveContext@OMReactive@@QEAAXPEAVIOxfActive@@_N@Z)
Generator_02.obj : error LNK2019: unresolved external symbol "public: virtual bool __cdecl OMReactive::startBehavior(void)" (?startBehavior@OMReactive@@UEAA_NXZ) referenced in function "public: virtual bool __cdecl Generator_02::startBehavior(void)" (?startBehavior@Generator_02@@UEAA_NXZ)
SFunctionBlockTheSystem_02.obj : error LNK2001: unresolved external symbol "public: virtual bool __cdecl OMReactive::startBehavior(void)" (?startBehavior@OMReactive@@UEAA_NXZ)
Generator_02.obj : error LNK2001: unresolved external symbol "protected: virtual void __cdecl OMReactive::handleNotConsumed(class IOxfEvent *,enum IOxfReactive::EventNotConsumedReason)" (?handleNotConsumed@OMReactive@@MEAAXPEAVIOxfEvent@@W4EventNotConsumedReason@IOxfReactive@@@Z)
SFunctionBlockTheSystem_02.obj : error LNK2001: unresolved external symbol "protected: virtual void __cdecl OMReactive::handleNotConsumed(class IOxfEvent *,enum IOxfReactive::EventNotConsumedReason)" (?handleNotConsumed@OMReactive@@MEAAXPEAVIOxfEvent@@W4EventNotConsumedReason@IOxfReactive@@@Z)
Generator_02.obj : error LNK2001: unresolved external symbol "protected: virtual void __cdecl OMReactive::handleTimeoutSetFailure(class IOxfTimeout *)" (?handleTimeoutSetFailure@OMReactive@@MEAAXPEAVIOxfTimeout@@@Z)
SFunctionBlockTheSystem_02.obj : error LNK2001: unresolved external symbol "protected: virtual void __cdecl OMReactive::handleTimeoutSetFailure(class IOxfTimeout *)" (?handleTimeoutSetFailure@OMReactive@@MEAAXPEAVIOxfTimeout@@@Z)
Generator_02.obj : error LNK2001: unresolved external symbol "protected: virtual void __cdecl OMReactive::handleTrigger(class IOxfEvent *)" (?handleTrigger@OMReactive@@MEAAXPEAVIOxfEvent@@@Z)
SFunctionBlockTheSystem_02.obj : error LNK2001: unresolved external symbol "protected: virtual void __cdecl OMReactive::handleTrigger(class IOxfEvent *)" (?handleTrigger@OMReactive@@MEAAXPEAVIOxfEvent@@@Z)
Generator_02.obj : error LNK2001: unresolved external symbol "protected: virtual enum IOxfReactive::TakeEventStatus __cdecl OMReactive::processEvent(class IOxfEvent *)" (?processEvent@OMReactive@@MEAA?AW4TakeEventStatus@IOxfReactive@@PEAVIOxfEvent@@@Z)
SFunctionBlockTheSystem_02.obj : error LNK2001: unresolved external symbol "protected: virtual enum IOxfReactive::TakeEventStatus __cdecl OMReactive::processEvent(class IOxfEvent *)" (?processEvent@OMReactive@@MEAA?AW4TakeEventStatus@IOxfReactive@@PEAVIOxfEvent@@@Z)
Generator_02.obj : error LNK2001: unresolved external symbol "protected: virtual class IOxfTimeout * __cdecl OMReactive::scheduleTimeout(unsigned long,char const * const)" (?scheduleTimeout@OMReactive@@MEAAPEAVIOxfTimeout@@KQEBD@Z)
SFunctionBlockTheSystem_02.obj : error LNK2001: unresolved external symbol "protected: virtual class IOxfTimeout * __cdecl OMReactive::scheduleTimeout(unsigned long,char const * const)" (?scheduleTimeout@OMReactive@@MEAAPEAVIOxfTimeout@@KQEBD@Z)
Generator_02.obj : error LNK2001: unresolved external symbol "public: virtual class IOxfActive * __cdecl OMReactive::getActiveContext(void)const " (?getActiveContext@OMReactive@@UEBAPEAVIOxfActive@@XZ)
SFunctionBlockTheSystem_02.obj : error LNK2001: unresolved external symbol "public: virtual class IOxfActive * __cdecl OMReactive::getActiveContext(void)const " (?getActiveContext@OMReactive@@UEBAPEAVIOxfActive@@XZ)
Generator_02.obj : error LNK2001: unresolved external symbol "public: virtual class IOxfEvent * __cdecl OMReactive::getCurrentEvent(void)const " (?getCurrentEvent@OMReactive@@UEBAPEAVIOxfEvent@@XZ)
SFunctionBlockTheSystem_02.obj : error LNK2001: unresolved external symbol "public: virtual class IOxfEvent * __cdecl OMReactive::getCurrentEvent(void)const " (?getCurrentEvent@OMReactive@@UEBAPEAVIOxfEvent@@XZ)
SFunctionBlockTheSystem_02.obj : error LNK2019: unresolved external symbol "public: void __cdecl OMReactive::setShouldDelete(bool)" (?setShouldDelete@OMReactive@@QEAAX_N@Z) referenced in function "public: __cdecl SFunctionBlockTheSystem_02::SFunctionBlockTheSystem_02(class IOxfActive *)" (??0SFunctionBlockTheSystem_02@@QEAA@PEAVIOxfActive@@@Z)
SFunctionBlockTheSystem_02.obj : error LNK2001: unresolved external symbol "protected: virtual void __cdecl OMReactive::rootState_entDef(void)" (?rootState_entDef@OMReactive@@MEAAXXZ)
SFunctionBlockTheSystem_02.obj : error LNK2001: unresolved external symbol "protected: virtual enum IOxfReactive::TakeEventStatus __cdecl OMReactive::rootState_processEvent(void)" (?rootState_processEvent@OMReactive@@MEAA?AW4TakeEventStatus@IOxfReactive@@XZ)
OMSFunctionTimer.obj : error LNK2019: unresolved external symbol "public: static void __cdecl OMTimerManager::cbkBridgeWithTime(void *,unsigned long)" (?cbkBridgeWithTime@OMTimerManager@@SAXPEAXK@Z) referenced in function "public: __cdecl OMSFunctionTimer::OMSFunctionTimer(unsigned long,void (__cdecl*)(void *),void *)" (??0OMSFunctionTimer@@QEAA@KP6AXPEAX@Z0@Z)
OMSFunctionTimer.obj : error LNK2019: unresolved external symbol "public: static void __cdecl OMTimerManager::setExternalTimer(bool)" (?setExternalTimer@OMTimerManager@@SAX_N@Z) referenced in function "public: __cdecl OMSFunctionTimer::OMSFunctionTimer(unsigned long,void (__cdecl*)(void *),void *)" (??0OMSFunctionTimer@@QEAA@KP6AXPEAX@Z0@Z)
C:\ProgramData\IBM\Rhapsody\9.0\UserShare\LangCpp\lib\MSVC15x86oxf.lib : warning LNK4272: library machine type 'x86' conflicts with target machine type 'x64'
RhapSFunc_SFunctionBlockTheSystem_02.mexw64 : fatal error LNK1120: 42 unresolved externals

